<?xml version="1.0" encoding="UTF-8"?>
<testng-results ignored="0" total="2" passed="2" failed="0" skipped="0">
  <reporter-output>
  </reporter-output>
  <suite started-at="2021-12-15T16:56:46Z" name="Default suite" finished-at="2021-12-15T16:58:56Z" duration-ms="130169">
    <groups>
    </groups>
    <test started-at="2021-12-15T16:56:46Z" name="Default test" finished-at="2021-12-15T16:58:56Z" duration-ms="130169">
      <class name="JAVAStream.Practice_Set">
        <test-method signature="Practice_not_hard_code()[pri:0, instance:JAVAStream.Practice_Set@f79e]" started-at="2021-12-15T16:56:46Z" name="Practice_not_hard_code" finished-at="2021-12-15T16:58:17Z" duration-ms="91116" status="PASS">
          <reporter-output>
          </reporter-output>
        </test-method> <!-- Practice_not_hard_code -->
        <test-method signature="Windows_Popup()[pri:0, instance:JAVAStream.Practice_Set@f79e]" started-at="2021-12-15T16:58:17Z" name="Windows_Popup" finished-at="2021-12-15T16:58:56Z" duration-ms="38908" status="PASS">
          <reporter-output>
          </reporter-output>
        </test-method> <!-- Windows_Popup -->
      </class> <!-- JAVAStream.Practice_Set -->
    </test> <!-- Default test -->
  </suite> <!-- Default suite -->
</testng-results>
